c:\users\ruan\source\repos\gade7312_poe_st10111277\debug\vc143.pdb
c:\users\ruan\source\repos\gade7312_poe_st10111277\debug\vc143.idb
c:\users\ruan\source\repos\gade7312_poe_st10111277\debug\texturedcube.obj
c:\users\ruan\source\repos\gade7312_poe_st10111277\debug\texture.obj
c:\users\ruan\source\repos\gade7312_poe_st10111277\debug\pixel.obj
c:\users\ruan\source\repos\gade7312_poe_st10111277\debug\main.obj
c:\users\ruan\source\repos\gade7312_poe_st10111277\debug\heightmap.obj
c:\users\ruan\source\repos\gade7312_poe_st10111277\debug\gameobject.obj
c:\users\ruan\source\repos\gade7312_poe_st10111277\debug\chessboard.obj
c:\users\ruan\source\repos\gade7312_poe_st10111277\debug\rainbowcube.obj
c:\users\ruan\source\repos\gade7312_poe_st10111277\debug\spheregameobject.obj
c:\users\ruan\source\repos\gade7312_poe_st10111277\debug\terrainquads.obj
c:\users\ruan\source\repos\gade7312_poe_st10111277\debug\gameobject.ilk
c:\users\ruan\source\repos\gade7312_poe_st10111277\debug\new_transforming.ilk
c:\users\ruan\source\repos\gade7312_poe_st10111277\debug\the_stunks.ilk
c:\users\ruan\source\repos\gade7312_poe_st10111277\debug\transforming.ilk
c:\users\ruan\source\repos\gade7312_poe_st10111277\debug\windowcreation.ilk
c:\users\ruan\source\repos\gade7312_poe_st10111277\debug\gade7312_poe_st10111277.pdb
c:\users\ruan\source\repos\gade7312_poe_st10111277\debug\gameobject.pdb
c:\users\ruan\source\repos\gade7312_poe_st10111277\debug\new_transforming.pdb
c:\users\ruan\source\repos\gade7312_poe_st10111277\debug\the_stunks.pdb
c:\users\ruan\source\repos\gade7312_poe_st10111277\debug\transforming.pdb
c:\users\ruan\source\repos\gade7312_poe_st10111277\debug\windowcreation.pdb
c:\users\ruan\source\repos\gade7312_poe_st10111277\debug\gade7312.b8c3ad59.tlog\cl.command.1.tlog
c:\users\ruan\source\repos\gade7312_poe_st10111277\debug\gade7312.b8c3ad59.tlog\cl.read.1.tlog
c:\users\ruan\source\repos\gade7312_poe_st10111277\debug\gade7312.b8c3ad59.tlog\cl.write.1.tlog
c:\users\ruan\source\repos\gade7312_poe_st10111277\debug\gade7312.b8c3ad59.tlog\link-cvtres.read.1.tlog
c:\users\ruan\source\repos\gade7312_poe_st10111277\debug\gade7312.b8c3ad59.tlog\link-cvtres.write.1.tlog
c:\users\ruan\source\repos\gade7312_poe_st10111277\debug\gade7312.b8c3ad59.tlog\link-rc.read.1.tlog
c:\users\ruan\source\repos\gade7312_poe_st10111277\debug\gade7312.b8c3ad59.tlog\link-rc.write.1.tlog
c:\users\ruan\source\repos\gade7312_poe_st10111277\debug\gade7312.b8c3ad59.tlog\link.18100-cvtres.read.1.tlog
c:\users\ruan\source\repos\gade7312_poe_st10111277\debug\gade7312.b8c3ad59.tlog\link.18100-cvtres.write.1.tlog
c:\users\ruan\source\repos\gade7312_poe_st10111277\debug\gade7312.b8c3ad59.tlog\link.18100-rc.read.1.tlog
c:\users\ruan\source\repos\gade7312_poe_st10111277\debug\gade7312.b8c3ad59.tlog\link.18100-rc.write.1.tlog
c:\users\ruan\source\repos\gade7312_poe_st10111277\debug\gade7312.b8c3ad59.tlog\link.18100.read.1.tlog
c:\users\ruan\source\repos\gade7312_poe_st10111277\debug\gade7312.b8c3ad59.tlog\link.18100.write.1.tlog
c:\users\ruan\source\repos\gade7312_poe_st10111277\debug\gade7312.b8c3ad59.tlog\link.command.1.tlog
c:\users\ruan\source\repos\gade7312_poe_st10111277\debug\gade7312.b8c3ad59.tlog\link.read.1.tlog
c:\users\ruan\source\repos\gade7312_poe_st10111277\debug\gade7312.b8c3ad59.tlog\link.write.1.tlog
